<?xml version="1.0" encoding="UTF-8"?>
<beans xmlns="http://www.springframework.org/schema/beans"
       xmlns:xsi="http://www.w3.org/2001/XMLSchema-instance"
       xsi:schemaLocation="http://www.springframework.org/schema/beans http://www.springframework.org/schema/beans/spring-beans.xsd"
       profile="js">

       <import resource="classpath:vlab/server_js/js-server-config.xml"/>

       <bean id="url" class="java.lang.String">
              <constructor-arg value="rlcp://user:user@127.0.0.1:3000"/>
       </bean>

       <bean id="testDir" class="java.lang.String">
              <constructor-arg value="test#{systemProperties['file.separator']}var#{systemProperties['file.separator']}rlcp-xml"/>
       </bean>

</beans>